  Building GameAssembly.dll with MsvcWinRtToolChain
  	Msvc Install Version: 15.0
  	Msvc Install SDK Directory: C:\Program Files (x86)\Windows Kits\10
  	Msvc Linker Path: C:\Program Files (x86)\Microsoft Visual Studio\2019\Community\VC\Tools\MSVC\14.29.30133\bin\HostX64\ARM64\link.exe
  	Msvc Compiler Path: C:\Program Files (x86)\Microsoft Visual Studio\2019\Community\VC\Tools\MSVC\14.29.30133\bin\HostX64\ARM64\cl.exe
  
  	Output directory: C:\NirmalAll\megaJenga\PushPull\HLPullPush\NirBuild\thumbsup\build\bin\ARM64\Release
  	Cache directory: C:\NirmalAll\megaJenga\PushPull\HLPullPush\NirBuild\thumbsup\build\obj\il2cppOutputProject\ARM64\Release
  mscorlib_CodeGen.c
  Il2CppGenericMethodDefinitions.c
  Il2CppGenericMethodTable.c
  Il2CppGenericClassTable.c
  Microsoft.MixedReality.Toolkit.SDK6.cpp
  Il2CppInteropDataTable.cpp
  Il2CppGenericMethodPointerTable.cpp
  Il2CppMetadataUsage.c
  Microsoft.MixedReality.Toolkit.SDK.cpp
  Microsoft.MixedReality.Toolkit.SDK1.cpp
  Microsoft.MixedReality.Toolkit.SDK4.cpp
  Unity.TextMeshPro.cpp
  GenericMethods10.cpp
  GenericMethods9.cpp
  Il2CppCompilerCalculateTypeValues2.cpp
  Microsoft.MixedReality.Toolkit.SDK5.cpp
  GenericMethods5.cpp
  Generics50.cpp
  Microsoft.MixedReality.Toolkit.SDK3.cpp
  Il2CppCompilerCalculateTypeValues.cpp
  GenericMethods2.cpp
  Il2CppCompilerCalculateTypeValues1.cpp
  Il2CppTypeDefinitions.c
  Il2CppGenericInstDefinitions.c
  Generics3.cpp
  Il2CppAttributes.cpp
  GenericMethods6.cpp
  GenericMethods8.cpp
  mscorlib3.cpp
  Microsoft.MixedReality.Toolkit4.cpp
  GenericMethods1.cpp
  UnityEngine.UIElementsModule.cpp
  Il2CppInvokerTable.cpp
  Microsoft.MixedReality.Toolkit1.cpp
  mscorlib4.cpp
  Microsoft.MixedReality.Toolkit.Services.InputSystem.cpp
  Generics2.cpp
  Generics9.cpp
  Microsoft.MixedReality.Toolkit3.cpp
  Il2CppComCallableWrappers1.cpp
  mscorlib7.cpp
  mscorlib10.cpp
  Microsoft.MixedReality.Toolkit2.cpp
  Microsoft.MixedReality.Toolkit.cpp
  UnityEngine.UI.cpp
  Generics1.cpp
  Unity.TextMeshPro1.cpp
  GenericMethods7.cpp
  Il2CppComCallableWrappers14.cpp
  mscorlib2.cpp
  Il2CppComCallableWrappers11.cpp
  Microsoft.MixedReality.Toolkit.SDK2.cpp
  Generics8.cpp
  mscorlib16.cpp
  mscorlib17.cpp
  Generics59.cpp
  mscorlib6.cpp
  GenericMethods11.cpp
  mscorlib13.cpp
  Generics58.cpp
  UnityEngine.UI1.cpp
  mscorlib11.cpp
  Generics61.cpp
  Generics30.cpp
  Generics53.cpp
  Generics24.cpp
  mscorlib.cpp
  Generics10.cpp
  GenericMethods.cpp
  UnityEngine.UI2.cpp
  UnresolvedVirtualCallStubs.cpp
  mscorlib1.cpp
  Generics.cpp
  Generics11.cpp
  mscorlib12.cpp
  UnityEngine.CoreModule1.cpp
  Generics52.cpp
  UnityEngine.CoreModule.cpp
  mscorlib9.cpp
  Il2CppComCallableWrappers29.cpp
  GenericMethods4.cpp
  Unity.TextMeshPro2.cpp
  Generics41.cpp
  Generics28.cpp
  Generics62.cpp
  Generics51.cpp
  Il2CppComCallableWrappers25.cpp
  Il2CppComCallableWrappers10.cpp
  Generics40.cpp
  Il2CppComCallableWrappers21.cpp
  Il2CppComCallableWrappers24.cpp
  Il2CppComCallableWrappers9.cpp
  Il2CppComCallableWrappers23.cpp
  Il2CppComCallableWrappers31.cpp
  System.cpp
  Il2CppComCallableWrappers20.cpp
  mscorlib5.cpp
  Il2CppComCallableWrappers18.cpp
  Il2CppComCallableWrappers28.cpp
  Il2CppComCallableWrappers26.cpp
  Unity.TextMeshPro3.cpp
  mscorlib8.cpp
  mscorlib14.cpp
  Il2CppComCallableWrappers33.cpp
  Il2CppComCallableWrappers27.cpp
  Microsoft.MixedReality.Toolkit.Providers.WindowsMixedReality.cpp
  Generics29.cpp
  Generics39.cpp
  System1.cpp
  Il2CppComCallableWrappers.cpp
  Il2CppComCallableWrappers32.cpp
  Il2CppComCallableWrappers6.cpp
  Il2CppComCallableWrappers17.cpp
  Il2CppComCallableWrappers13.cpp
  Il2CppComCallableWrappers19.cpp
  Generics36.cpp
  Generics23.cpp
  Generics47.cpp
  Il2CppComCallableWrappers4.cpp
  Il2CppComCallableWrappers16.cpp
  Generics12.cpp
  Generics57.cpp
  mscorlib15.cpp
  Generics4.cpp
  Generics60.cpp
  Il2CppComCallableWrappers5.cpp
  Il2CppComCallableWrappers22.cpp
  Generics65.cpp
  Generics64.cpp
  Il2CppComCallableWrappers15.cpp
  Il2CppComCallableWrappers12.cpp
  Generics20.cpp
  Microsoft.MixedReality.Toolkit.Gltf.cpp
  Il2CppComCallableWrappers7.cpp
  Generics54.cpp
  Generics46.cpp
  Generics42.cpp
  Generics45.cpp
  Generics31.cpp
  Generics56.cpp
  Generics34.cpp
  Generics16.cpp
  Generics49.cpp
  Generics43.cpp
  Generics14.cpp
  Generics55.cpp
  Generics44.cpp
  Il2CppComCallableWrappers30.cpp
  Generics22.cpp
  Il2CppComCallableWrappers2.cpp
  Generics63.cpp
  Generics13.cpp
  Generics15.cpp
  Generics48.cpp
  Generics35.cpp
  Il2CppComCallableWrappers3.cpp
  GenericMethods3.cpp
  Generics17.cpp
  Generics21.cpp
  Generics7.cpp
  Il2CppProjectedComCallableWrapperMethods4.cpp
  Generics18.cpp
  Microsoft.MixedReality.Toolkit_CodeGen.c
  Microsoft.MixedReality.Toolkit.SDK_CodeGen.c
  Il2CppGenericAdjustorThunkTable.cpp
  Il2CppComCallableWrappers8.cpp
  Il2CppProjectedComCallableWrapperMethods3.cpp
  Il2CppProjectedComCallableWrapperMethods.cpp
  Generics19.cpp
  mscorlib18.cpp
  Generics27.cpp
  Il2CppProjectedComCallableWrapperMethods1.cpp
  Microsoft.MixedReality.Toolkit.Services.InputSimulation.cpp
  Generics26.cpp
  Generics38.cpp
  UnityEngine.CoreModule2.cpp
  Generics25.cpp
  Generics6.cpp
  UnityEngine.CoreModule_CodeGen.c
  I18N.Rare.cpp
  Generics5.cpp
  Il2CppCompilerCalculateTypeValuesTable.cpp
  Microsoft.MixedReality.Toolkit.SDK7.cpp
  Il2CppGenericComDefinitions.cpp
  Generics32.cpp
  UnityEngine.VRModule.cpp
  WindowsRuntimeMetadata.cpp
  Microsoft.MixedReality.Toolkit.Services.SceneSystem.cpp
  Il2CppProjectedComCallableWrapperMethods5.cpp
  Generics33.cpp
  UnityEngine.UI3.cpp
  UnityEngine.UI_CodeGen.c
  Microsoft.MixedReality.Toolkit.Providers.WindowsVoiceInput.cpp
  UnityEngine.IMGUIModule.cpp
  Microsoft.MixedReality.Toolkit.Providers.XRSDK.cpp
  Il2CppComCallableWrappers34.cpp
  Il2CppProjectedComCallableWrapperMethods2.cpp
  UnityEngine.XRModule.cpp
  I18N.CJK.cpp
  Unity.TextMeshPro4.cpp
  Generics66.cpp
  UnityEngine.UnityWebRequestModule.cpp
  I18N.Rare1.cpp
  Unity.TextMeshPro_CodeGen.c
  Microsoft.MixedReality.Toolkit.Services.InputAnimation.cpp
  Microsoft.MixedReality.Toolkit.Services.DiagnosticsSystem.cpp
  Generics37.cpp
  I18N.West.cpp
  Microsoft.MixedReality.Toolkit.Providers.XRSDK.WindowsMixedReality.cpp
  Microsoft.MixedReality.Toolkit5.cpp
  Microsoft.MixedReality.Toolkit.Services.InputSystem1.cpp
  UnityEngine.AndroidJNIModule.cpp
  I18N.Other.cpp
  UnityEngine.UIElementsModule_CodeGen.c
  char-conversions.cpp
  System2.cpp
  UnityEngine.TextCoreModule.cpp
  UnityEngine.PhysicsModule.cpp
  UnityEngine.AnimationModule.cpp
  Microsoft.MixedReality.Toolkit.Async.cpp
  UnityEngine.UIElementsModule1.cpp
  Microsoft.MixedReality.Toolkit.Services.TeleportSystem.cpp
  UnityEngine.TerrainModule.cpp
  Microsoft.MixedReality.Toolkit.Services.InputSystem_CodeGen.c
  UnityEngine.UIModule.cpp
  System_CodeGen.c
  UnityEngine.Physics2DModule.cpp
  UnityEngine.TextRenderingModule.cpp
  System.Runtime.WindowsRuntime.cpp
  I18N.MidEast.cpp
  UnityEngine.SharedInternalsModule.cpp
  Microsoft.MixedReality.Toolkit.Providers.WindowsMixedReality.Shared.cpp
  System.Numerics.cpp
  UnityEngine.ParticleSystemModule.cpp
  Microsoft.MixedReality.Toolkit.Services.SpatialAwarenessSystem.cpp
  Microsoft.MixedReality.Toolkit.Services.CameraSystem.cpp
  UnityEngine.InputLegacyModule.cpp
  UnityEngine.VRModule_CodeGen.c
  Microsoft.MixedReality.Toolkit.Services.SceneSystem_CodeGen.c
  WindowsRuntimeMetadata_CodeGen.c
  Mono.Security.cpp
  UnityEngine.AudioModule.cpp
  Microsoft.MixedReality.Toolkit.Services.InputSimulation_CodeGen.c
  Microsoft.MixedReality.Toolkit.Gltf_CodeGen.c
  UnityEngine.AndroidJNIModule_CodeGen.c
  UnityEngine.SubsystemsModule.cpp
  UnityEngine.IMGUIModule_CodeGen.c
  UnityEngine.TilemapModule.cpp
  Microsoft.MixedReality.Toolkit.Providers.WindowsMixedReality_CodeGen.c
  I18N.cpp
  I18N.Rare_CodeGen.c
  deflate.c
  System.Configuration.cpp
  UnityEngine.VFXModule.cpp
  I18N.CJK_CodeGen.c
  Microsoft.MixedReality.Toolkit.Services.BoundarySystem.cpp
  inflate.c
  UnityEngine.UnityAnalyticsModule.cpp
  UnityEngine.PhysicsModule_CodeGen.c
  Assembly-CSharp.cpp
  UnityEngine.TextCoreModule_CodeGen.c
  trees.c
  UnityEngine.VideoModule.cpp
  UnityEngine.InputModule.cpp
  UnityEngine.XRModule_CodeGen.c
  Microsoft.MixedReality.Toolkit.Services.InputAnimation_CodeGen.c
  Microsoft.MixedReality.Toolkit.Services.DiagnosticsSystem_CodeGen.c
  UnityEngine.UIModule_CodeGen.c
  UnityEngine.AnimationModule_CodeGen.c
  UnityEngine.UnityWebRequestModule_CodeGen.c
  I18N.West_CodeGen.c
  UnityEngine.JSONSerializeModule.cpp
  Microsoft.MixedReality.Toolkit.Async_CodeGen.c
  UnityEngine.ParticleSystemModule_CodeGen.c
  Microsoft.MixedReality.Toolkit.Providers.WindowsVoiceInput_CodeGen.c
  I18N.Other_CodeGen.c
  xamarin_getifaddrs.c
  System.Core_CodeGen.c
  System.Runtime.WindowsRuntime_CodeGen.c
  I18N_CodeGen.c
  System.Core.cpp
  UnityEngine.AssetBundleModule.cpp
  Microsoft.MixedReality.Toolkit.Providers.WindowsMixedReality.Shared_CodeGen.c
  UnityEngine.Physics2DModule_CodeGen.c
  System.Runtime.WindowsRuntime.UI.Xaml.cpp
  infback.c
  gzread.c
C:\NirmalAll\megaJenga\PushPull\HLPullPush\NirBuild\thumbsup\Il2CppOutputProject\IL2CPP\external\zlib\gzread.c(319): warning C4267: '=': conversion from 'size_t' to 'unsigned int', possible loss of data
C:\NirmalAll\megaJenga\PushPull\HLPullPush\NirBuild\thumbsup\Il2CppOutputProject\IL2CPP\external\zlib\gzread.c(400): warning C4267: '=': conversion from 'size_t' to 'unsigned int', possible loss of data
C:\NirmalAll\megaJenga\PushPull\HLPullPush\NirBuild\thumbsup\Il2CppOutputProject\IL2CPP\external\zlib\gzread.c(472): warning C4267: '=': conversion from 'size_t' to 'int', possible loss of data
  UnityEngine.TextRenderingModule_CodeGen.c
  UnityEngine.SharedInternalsModule_CodeGen.c
  Microsoft.MixedReality.Toolkit.Providers.XRSDK_CodeGen.c
  gzwrite.c
C:\NirmalAll\megaJenga\PushPull\HLPullPush\NirBuild\thumbsup\Il2CppOutputProject\IL2CPP\external\zlib\gzwrite.c(212): warning C4267: '=': conversion from 'size_t' to 'unsigned int', possible loss of data
C:\NirmalAll\megaJenga\PushPull\HLPullPush\NirBuild\thumbsup\Il2CppOutputProject\IL2CPP\external\zlib\gzwrite.c(232): warning C4267: '=': conversion from 'size_t' to 'unsigned int', possible loss of data
C:\NirmalAll\megaJenga\PushPull\HLPullPush\NirBuild\thumbsup\Il2CppOutputProject\IL2CPP\external\zlib\gzwrite.c(371): warning C4267: '=': conversion from 'size_t' to 'int', possible loss of data
  UnityEngine.AIModule.cpp
  UnityEngine.InputLegacyModule_CodeGen.c
  Microsoft.MixedReality.Toolkit.Providers.XRSDK.WindowsMixedReality_CodeGen.c
  UnityEngine.DirectorModule.cpp
  UnityEngine.TerrainModule_CodeGen.c
  gzlib.c
  System.Numerics_CodeGen.c
  UnityEngine.AudioModule_CodeGen.c
  inffast.c
  crc32.c
  Microsoft.MixedReality.Toolkit.Services.TeleportSystem_CodeGen.c
  UnityEngine.VideoModule_CodeGen.c
  inftrees.c
  UnityEngine.TilemapModule_CodeGen.c
  UnityEngine.SubsystemsModule_CodeGen.c
  I18N.MidEast_CodeGen.c
  Microsoft.MixedReality.Toolkit.Services.SpatialAwarenessSystem_CodeGen.c
  UnityEngine.UnityAnalyticsModule_CodeGen.c
  Microsoft.MixedReality.Toolkit.Services.CameraSystem_CodeGen.c
  Il2CppCodeRegistration.cpp
  zutil.c
  il2cpp-api.cpp
  System.Configuration_CodeGen.c
  Mono.Security_CodeGen.c
  UnityEngine.VFXModule_CodeGen.c
  Microsoft.MixedReality.Toolkit.Services.BoundarySystem_CodeGen.c
  UnityEngine.InputModule_CodeGen.c
  adler32.c
  UnityEngine.ImageConversionModule.cpp
  System.Xml.cpp
  compress.c
  UnityAdsStubs.cpp
  UnityEngine.GridModule.cpp
  System.Runtime.WindowsRuntime.UI.Xaml_CodeGen.c
  UnityEngine.DirectorModule_CodeGen.c
  UnityEngine.AIModule_CodeGen.c
  UnityEngine.JSONSerializeModule_CodeGen.c
  krait_signal_handler.c
  Assembly-CSharp_CodeGen.c
  uncompr.c
  UnityEngine.AssetBundleModule_CodeGen.c
  Il2CppReversePInvokeWrapperTable.cpp
  UnityEngine.ImageConversionModule_CodeGen.c
  UnityEngine.GridModule_CodeGen.c
  il2cpp-benchmark-support.cpp
  Il2CppMetadataRegistration.c
  System.Xml_CodeGen.c
  System.Runtime.InteropServices.WindowsRuntime_CodeGen.c
  System.Runtime.InteropServices.WindowsRuntime.cpp
  System.Numerics.Vectors_CodeGen.c
  System.Numerics.Vectors.cpp
  System.Runtime.cpp
  System.ObjectModel_CodeGen.c
  UnityEngine.cpp
  gzclose.c
  System.ObjectModel.cpp
  UnityEngine_CodeGen.c
  Lump_libil2cpp_mono-runtime.cpp
  System.Runtime_CodeGen.c
  Lump_libil2cpp_debugger.cpp
  il2cpp-runtime-stats.cpp
  Lump_libil2cpp_utils.cpp
  Lump_libil2cpp_vm-utils.cpp
  Lump_libil2cpp_codegen.cpp
  Lump_libil2cpp_gc.cpp
  Lump_libil2cpp_metadata.cpp
  Lump_libil2cpp_mono.cpp
  Lump_libil2cpp_icalls.cpp
  gc.c
  Lump_libil2cpp_os.cpp
  Lump_libil2cpp_vm.cpp
  ObjectFiles: 362 of which compiled: 362
  	Time Compile: 7361 milliseconds Unity.TextMeshPro3.cpp
  	Time Compile: 7129 milliseconds Unity.TextMeshPro2.cpp
  	Time Compile: 5141 milliseconds Unity.TextMeshPro1.cpp
  	Time Compile: 5098 milliseconds System.cpp
  	Time Compile: 5046 milliseconds mscorlib5.cpp
  	Time Compile: 4650 milliseconds Il2CppComCallableWrappers27.cpp
  	Time Compile: 4508 milliseconds Il2CppComCallableWrappers30.cpp
  	Time Compile: 4400 milliseconds Il2CppComCallableWrappers17.cpp
  	Time Compile: 4378 milliseconds Il2CppComCallableWrappers33.cpp
  	Time Compile: 4153 milliseconds Il2CppComCallableWrappers31.cpp
  Total compilation time: 24238 milliseconds.
  Creating library C:\NirmalAll\megaJenga\PushPull\HLPullPush\NirBuild\thumbsup\build\obj\il2cppOutputProject\ARM64\Release\linkresult_B59E31542FCB90AEC19FA57BD12F0FAA\GameAssembly.lib and object C:\NirmalAll\megaJenga\PushPull\HLPullPush\NirBuild\thumbsup\build\obj\il2cppOutputProject\ARM64\Release\linkresult_B59E31542FCB90AEC19FA57BD12F0FAA\GameAssembly.exp
  Total link time: 4239 milliseconds.
  Cleaned up 2 object files.
